<?xml version="1.0" encoding="UTF-8"?>
<testng-results skipped="0" failed="0" ignored="0" total="1" passed="1">
  <reporter-output>
  </reporter-output>
  <suite name="Default suite" duration-ms="34285" started-at="2020-02-18T15:17:14Z" finished-at="2020-02-18T15:17:48Z">
    <groups>
    </groups>
    <test name="Default test" duration-ms="34285" started-at="2020-02-18T15:17:14Z" finished-at="2020-02-18T15:17:48Z">
      <class name="Task.ShopingWebsite">
        <test-method status="PASS" signature="Task()[pri:0, instance:Task.ShopingWebsite@46d56d67]" name="Task" duration-ms="34247" started-at="2020-02-18T15:17:14Z" finished-at="2020-02-18T15:17:48Z">
          <reporter-output>
          </reporter-output>
        </test-method> <!-- Task -->
      </class> <!-- Task.ShopingWebsite -->
    </test> <!-- Default test -->
  </suite> <!-- Default suite -->
</testng-results>
